{"meta": {"version": "7.2.5", "timestamp": "2025-09-15T16:57:32.855914", "branch_coverage": false, "show_contexts": false}, "files": {"app/__init__.py": {"executed_lines": [0], "summary": {"covered_lines": 0, "num_statements": 0, "percent_covered": 100.0, "percent_covered_display": "100", "missing_lines": 0, "excluded_lines": 0}, "missing_lines": [], "excluded_lines": []}, "app/advanced_analytics_service.py": {"executed_lines": [], "summary": {"covered_lines": 0, "num_statements": 267, "percent_covered": 0.0, "percent_covered_display": "0", "missing_lines": 267, "excluded_lines": 0}, "missing_lines": [6, 7, 8, 9, 10, 11, 12, 14, 15, 16, 18, 19, 20, 23, 24, 27, 28, 29, 30, 31, 32, 33, 34, 37, 38, 41, 42, 43, 44, 45, 46, 47, 50, 51, 54, 55, 56, 57, 58, 59, 60, 61, 62, 63, 66, 67, 70, 71, 72, 73, 74, 75, 76, 77, 80, 83, 84, 86, 91, 92, 93, 96, 99, 102, 105, 108, 110, 124, 126, 129, 132, 139, 143, 160, 161, 165, 169, 186, 187, 191, 195, 212, 214, 218, 221, 224, 231, 235, 252, 253, 257, 261, 278, 279, 283, 287, 304, 306, 308, 311, 313, 329, 331, 343, 345, 349, 352, 353, 383, 384, 414, 415, 429, 431, 435, 438, 449, 450, 460, 472, 473, 483, 485, 487, 491, 494, 495, 496, 499, 502, 503, 507, 510, 511, 512, 515, 518, 521, 528, 530, 532, 536, 539, 548, 549, 560, 561, 562, 572, 574, 580, 581, 584, 587, 592, 594, 607, 612, 614, 618, 620, 622, 624, 625, 626, 639, 641, 644, 646, 650, 651, 654, 655, 656, 659, 662, 663, 664, 667, 668, 669, 672, 673, 674, 677, 678, 680, 682, 684, 688, 691, 692, 694, 695, 699, 702, 710, 717, 718, 720, 722, 727, 728, 730, 735, 737, 745, 751, 752, 753, 754, 756, 758, 759, 761, 762, 764, 766, 767, 768, 770, 778, 784, 786, 790, 791, 793, 799, 801, 805, 806, 808, 818, 829, 830, 832, 834, 837, 840, 847, 851, 856, 862, 863, 865, 866, 867, 875, 877, 879, 883, 885, 886, 887, 898, 900, 902, 907, 920, 925, 930, 949, 950, 951, 960, 964, 968], "excluded_lines": []}, "app/ai_heuristics.py": {"executed_lines": [1, 13, 14, 15, 16, 18, 20, 22, 25, 31, 32, 35, 76, 173, 256, 267, 276, 283, 298, 330, 331, 336, 340, 346, 347, 352, 356, 360, 369, 374], "summary": {"covered_lines": 27, "num_statements": 129, "percent_covered": 20.930232558139537, "percent_covered_display": "21", "missing_lines": 102, "excluded_lines": 0}, "missing_lines": [57, 59, 60, 61, 64, 65, 66, 67, 69, 71, 72, 73, 102, 104, 105, 106, 107, 109, 112, 114, 125, 126, 127, 130, 131, 133, 135, 136, 139, 140, 143, 146, 147, 157, 165, 166, 168, 169, 170, 195, 197, 198, 199, 200, 202, 203, 204, 205, 208, 209, 212, 213, 214, 217, 220, 222, 223, 226, 231, 232, 233, 234, 236, 238, 241, 243, 246, 248, 249, 250, 258, 269, 270, 271, 272, 273, 278, 279, 280, 285, 286, 289, 290, 291, 294, 295, 310, 313, 315, 316, 318, 321, 324, 338, 342, 343, 354, 358, 362, 363, 371, 376], "excluded_lines": []}, "app/ai_intelligence_service.py": {"executed_lines": [], "summary": {"covered_lines": 0, "num_statements": 317, "percent_covered": 0.0, "percent_covered_display": "0", "missing_lines": 317, "excluded_lines": 0}, "missing_lines": [7, 8, 9, 10, 11, 12, 14, 15, 16, 18, 19, 20, 23, 24, 27, 28, 29, 30, 31, 32, 33, 34, 37, 38, 41, 42, 43, 44, 45, 46, 47, 50, 51, 54, 55, 56, 57, 58, 59, 60, 61, 62, 65, 66, 69, 70, 71, 72, 73, 74, 75, 76, 79, 82, 83, 85, 87, 88, 89, 91, 94, 97, 98, 99, 102, 103, 106, 109, 112, 116, 129, 131, 141, 142, 143, 144, 153, 155, 157, 158, 160, 161, 163, 165, 168, 176, 178, 180, 189, 190, 193, 197, 198, 200, 202, 204, 205, 207, 208, 211, 214, 216, 218, 222, 225, 226, 229, 230, 231, 232, 235, 236, 239, 240, 243, 244, 246, 248, 252, 254, 255, 257, 258, 259, 261, 262, 264, 265, 266, 268, 271, 274, 275, 277, 279, 280, 281, 284, 285, 286, 289, 294, 297, 300, 305, 309, 319, 321, 329, 330, 332, 338, 341, 343, 350, 352, 353, 354, 355, 356, 357, 358, 359, 361, 363, 365, 373, 375, 377, 384, 385, 387, 388, 390, 394, 395, 398, 399, 402, 403, 406, 407, 409, 411, 415, 422, 425, 426, 428, 430, 433, 436, 437, 438, 441, 442, 444, 446, 450, 467, 470, 471, 473, 475, 479, 486, 489, 490, 493, 494, 496, 498, 500, 507, 510, 511, 513, 515, 517, 518, 520, 524, 525, 526, 527, 529, 532, 535, 536, 538, 542, 545, 548, 551, 554, 557, 560, 564, 566, 568, 571, 580, 581, 584, 587, 588, 596, 597, 617, 619, 621, 624, 640, 641, 644, 645, 650, 651, 655, 656, 680, 682, 684, 687, 696, 698, 701, 702, 703, 705, 711, 712, 731, 733, 735, 738, 740, 741, 760, 762, 764, 767, 773, 774, 777, 788, 791, 813, 815, 818, 819, 820, 821, 823, 835, 837, 838, 841, 842, 843, 844, 847, 849, 851, 853, 865, 866, 868, 869, 870, 872, 876, 878, 881, 883, 886, 890], "excluded_lines": []}, "app/analytics_routes.py": {"executed_lines": [], "summary": {"covered_lines": 0, "num_statements": 99, "percent_covered": 0.0, "percent_covered_display": "0", "missing_lines": 99, "excluded_lines": 0}, "missing_lines": [6, 8, 9, 10, 12, 13, 14, 15, 17, 20, 21, 22, 25, 26, 27, 30, 31, 32, 33, 36, 37, 43, 44, 45, 47, 48, 49, 55, 56, 62, 63, 64, 67, 68, 69, 92, 124, 125, 131, 132, 138, 139, 140, 144, 154, 155, 156, 162, 163, 171, 172, 173, 176, 177, 179, 190, 191, 197, 198, 202, 203, 204, 207, 208, 209, 212, 230, 259, 260, 266, 267, 273, 274, 275, 279, 280, 281, 287, 288, 294, 295, 296, 299, 308, 309, 310, 316, 317, 326, 327, 328, 331, 334, 350, 351, 352, 358, 359, 361], "excluded_lines": []}, "app/analytics_service.py": {"executed_lines": [], "summary": {"covered_lines": 0, "num_statements": 340, "percent_covered": 0.0, "percent_covered_display": "0", "missing_lines": 340, "excluded_lines": 0}, "missing_lines": [6, 7, 8, 9, 10, 11, 13, 14, 16, 17, 19, 22, 23, 24, 25, 26, 29, 30, 31, 32, 33, 36, 37, 38, 39, 40, 41, 44, 45, 46, 47, 48, 49, 50, 51, 52, 53, 54, 55, 58, 59, 60, 61, 62, 63, 64, 65, 66, 69, 70, 71, 72, 73, 74, 75, 76, 77, 80, 83, 84, 85, 87, 89, 91, 94, 99, 100, 112, 125, 126, 127, 128, 133, 136, 139, 141, 158, 159, 160, 162, 164, 166, 219, 220, 221, 222, 225, 228, 230, 231, 232, 234, 236, 237, 238, 241, 255, 256, 257, 259, 260, 261, 263, 269, 272, 275, 277, 287, 290, 291, 293, 303, 304, 305, 307, 309, 310, 313, 316, 319, 322, 325, 327, 329, 330, 331, 333, 337, 339, 343, 344, 348, 350, 352, 356, 357, 371, 374, 379, 380, 381, 382, 383, 385, 388, 389, 390, 391, 392, 393, 395, 398, 401, 404, 409, 413, 428, 429, 430, 432, 434, 435, 436, 437, 438, 439, 440, 441, 442, 445, 446, 449, 450, 451, 452, 453, 454, 456, 459, 460, 461, 462, 463, 464, 466, 469, 470, 471, 474, 475, 478, 479, 483, 484, 486, 499, 500, 502, 515, 518, 528, 530, 531, 534, 538, 552, 553, 555, 584, 587, 589, 590, 596, 597, 600, 601, 602, 603, 604, 606, 611, 615, 623, 626, 628, 629, 632, 634, 646, 651, 656, 662, 666, 676, 678, 681, 683, 684, 691, 698, 700, 705, 706, 707, 709, 710, 712, 721, 722, 724, 727, 730, 732, 734, 738, 740, 743, 744, 747, 748, 750, 751, 752, 753, 756, 758, 759, 760, 761, 765, 767, 769, 775, 776, 777, 781, 783, 787, 788, 789, 790, 791, 792, 794, 796, 801, 813, 814, 815, 817, 819, 827, 829, 830, 831, 832, 833, 834, 836, 837, 839, 840, 842, 844, 846, 849, 851, 852, 863, 865, 867, 870, 881, 883, 885, 888, 892, 893, 904, 906, 908, 910, 912, 914, 915, 927, 929, 933, 935, 936, 938, 940, 948, 950, 963, 967, 968, 970, 982, 984], "excluded_lines": []}, "app/auth.py": {"executed_lines": [1, 2, 3, 5, 6, 7, 8, 9, 11, 12, 14, 15, 18, 19], "summary": {"covered_lines": 14, "num_statements": 73, "percent_covered": 19.17808219178082, "percent_covered_display": "19", "missing_lines": 59, "excluded_lines": 0}, "missing_lines": [23, 24, 29, 30, 32, 35, 36, 39, 40, 43, 45, 48, 49, 50, 51, 53, 60, 63, 66, 70, 72, 80, 83, 84, 87, 88, 89, 90, 91, 93, 94, 98, 99, 100, 101, 102, 103, 104, 105, 106, 107, 110, 113, 114, 115, 117, 125, 128, 129, 131, 132, 133, 134, 135, 136, 139, 143, 144, 147], "excluded_lines": []}, "app/billing_credit_service.py": {"executed_lines": [1, 11, 12, 13, 14, 16, 17, 19, 26, 27, 30, 31, 32, 34, 96, 151, 277, 307, 323], "summary": {"covered_lines": 18, "num_statements": 78, "percent_covered": 23.076923076923077, "percent_covered_display": "23", "missing_lines": 60, "excluded_lines": 0}, "missing_lines": [49, 59, 62, 65, 66, 68, 69, 70, 72, 74, 77, 80, 86, 88, 114, 118, 119, 127, 131, 135, 137, 144, 165, 166, 167, 169, 172, 173, 175, 178, 180, 182, 191, 194, 196, 203, 205, 206, 207, 208, 209, 211, 222, 228, 229, 230, 232, 234, 235, 237, 240, 241, 246, 266, 274, 275, 283, 284, 286, 319], "excluded_lines": []}, "app/client_portal_routes.py": {"executed_lines": [], "summary": {"covered_lines": 0, "num_statements": 131, "percent_covered": 0.0, "percent_covered_display": "0", "missing_lines": 131, "excluded_lines": 0}, "missing_lines": [6, 8, 9, 10, 12, 13, 14, 16, 19, 20, 21, 24, 25, 26, 27, 30, 31, 32, 35, 36, 37, 38, 41, 42, 46, 47, 50, 51, 53, 59, 62, 66, 73, 74, 80, 81, 87, 88, 91, 92, 93, 99, 101, 102, 103, 104, 105, 111, 112, 118, 119, 121, 123, 124, 125, 126, 127, 133, 134, 141, 142, 145, 149, 150, 151, 152, 153, 159, 160, 167, 168, 171, 172, 173, 179, 181, 182, 183, 188, 192, 193, 194, 195, 196, 202, 203, 209, 210, 213, 214, 215, 221, 223, 231, 232, 233, 234, 240, 241, 248, 249, 252, 253, 254, 260, 262, 263, 264, 269, 271, 283, 284, 285, 294, 304, 305, 306, 307, 313, 314, 316, 318, 329, 330, 331, 337, 338, 340, 353, 354, 356], "excluded_lines": []}, "app/client_portal_service.py": {"executed_lines": [], "summary": {"covered_lines": 0, "num_statements": 110, "percent_covered": 0.0, "percent_covered_display": "0", "missing_lines": 110, "excluded_lines": 0}, "missing_lines": [6, 7, 8, 9, 11, 12, 14, 15, 18, 21, 22, 23, 25, 30, 33, 34, 37, 38, 40, 46, 48, 49, 52, 54, 57, 58, 59, 62, 65, 86, 93, 96, 98, 132, 134, 135, 136, 138, 139, 141, 142, 145, 148, 149, 151, 152, 155, 157, 187, 191, 192, 193, 195, 196, 197, 200, 203, 204, 207, 210, 211, 212, 214, 217, 219, 240, 249, 251, 263, 270, 275, 298, 300, 308, 309, 318, 319, 327, 334, 336, 338, 355, 356, 364, 365, 373, 375, 377, 396, 398, 411, 415, 417, 427, 428, 447, 448, 458, 460, 463, 466, 467, 469, 471, 473, 474, 476, 478, 494, 496], "excluded_lines": []}, "app/database.py": {"executed_lines": [1, 3, 4, 6, 8, 11, 13, 16, 17, 20], "summary": {"covered_lines": 10, "num_statements": 14, "percent_covered": 71.42857142857143, "percent_covered_display": "71", "missing_lines": 4, "excluded_lines": 0}, "missing_lines": [21, 22, 23, 25], "excluded_lines": []}, "app/email_provider.py": {"executed_lines": [1, 2, 3, 5, 8, 9, 24, 25, 27, 35, 103, 127, 128, 137, 142], "summary": {"covered_lines": 15, "num_statements": 86, "percent_covered": 17.441860465116278, "percent_covered_display": "17", "missing_lines": 71, "excluded_lines": 1}, "missing_lines": [28, 29, 30, 31, 32, 33, 44, 49, 59, 60, 61, 62, 63, 64, 65, 66, 69, 70, 71, 72, 73, 74, 75, 76, 77, 78, 79, 84, 86, 87, 88, 89, 90, 92, 93, 94, 96, 98, 99, 100, 104, 106, 107, 108, 109, 110, 111, 113, 114, 118, 119, 124, 131, 132, 133, 134, 135, 138, 140, 152, 153, 161, 162, 163, 168, 169, 170, 172, 173, 174, 175], "excluded_lines": [21]}, "app/email_templates.py": {"executed_lines": [], "summary": {"covered_lines": 0, "num_statements": 67, "percent_covered": 0.0, "percent_covered_display": "0", "missing_lines": 67, "excluded_lines": 0}, "missing_lines": [1, 3, 4, 5, 7, 8, 9, 11, 16, 18, 19, 20, 21, 22, 23, 24, 25, 26, 27, 28, 29, 30, 31, 32, 33, 34, 36, 37, 38, 39, 42, 43, 45, 46, 49, 50, 52, 53, 54, 57, 58, 59, 60, 61, 62, 63, 64, 65, 68, 71, 74, 77, 81, 82, 83, 84, 86, 87, 88, 89, 92, 93, 108, 109, 112, 113, 119], "excluded_lines": []}, "app/enterprise_routes.py": {"executed_lines": [], "summary": {"covered_lines": 0, "num_statements": 203, "percent_covered": 0.0, "percent_covered_display": "0", "missing_lines": 203, "excluded_lines": 0}, "missing_lines": [6, 7, 9, 10, 11, 13, 18, 26, 27, 28, 29, 33, 34, 36, 40, 41, 42, 43, 46, 47, 48, 51, 52, 55, 56, 59, 60, 61, 64, 65, 66, 67, 68, 69, 70, 71, 74, 75, 76, 79, 80, 81, 82, 83, 84, 88, 89, 95, 97, 98, 104, 107, 108, 113, 117, 118, 119, 121, 132, 133, 139, 140, 146, 147, 148, 149, 154, 155, 160, 173, 174, 181, 182, 188, 189, 190, 192, 205, 206, 212, 213, 220, 221, 223, 236, 237, 243, 244, 252, 253, 256, 257, 261, 262, 263, 277, 286, 287, 294, 295, 301, 302, 303, 307, 309, 310, 316, 317, 325, 327, 339, 341, 350, 351, 353, 364, 366, 368, 369, 376, 377, 384, 385, 386, 387, 392, 394, 396, 397, 403, 404, 415, 416, 417, 418, 424, 426, 427, 428, 429, 430, 431, 432, 433, 435, 437, 438, 439, 454, 468, 469, 475, 476, 483, 484, 485, 486, 491, 498, 509, 510, 516, 517, 524, 525, 526, 527, 532, 534, 552, 553, 560, 561, 563, 564, 565, 567, 569, 570, 576, 577, 579, 580, 581, 583, 592, 593, 599, 600, 607, 608, 610, 611, 613, 622, 623, 630, 631, 633, 634, 636, 656, 657], "excluded_lines": []}, "app/enterprise_security_service.py": {"executed_lines": [], "summary": {"covered_lines": 0, "num_statements": 210, "percent_covered": 0.0, "percent_covered_display": "0", "missing_lines": 210, "excluded_lines": 0}, "missing_lines": [6, 7, 8, 9, 10, 11, 12, 13, 15, 16, 17, 19, 20, 29, 32, 35, 36, 37, 38, 41, 44, 45, 46, 47, 48, 51, 52, 55, 56, 57, 58, 59, 60, 61, 62, 65, 66, 69, 70, 71, 72, 73, 74, 75, 78, 79, 82, 83, 84, 85, 86, 87, 88, 89, 90, 91, 94, 97, 98, 100, 115, 117, 131, 132, 135, 136, 138, 140, 142, 154, 157, 158, 161, 162, 165, 166, 167, 170, 171, 173, 175, 179, 181, 192, 203, 222, 224, 226, 230, 232, 236, 237, 240, 252, 253, 267, 273, 274, 276, 283, 285, 286, 289, 290, 293, 296, 306, 308, 311, 313, 316, 318, 322, 328, 329, 331, 333, 339, 340, 342, 349, 350, 353, 354, 355, 358, 367, 368, 369, 372, 377, 378, 379, 380, 381, 382, 387, 396, 398, 399, 400, 403, 407, 420, 426, 427, 430, 441, 442, 445, 460, 462, 464, 466, 470, 471, 473, 476, 477, 478, 479, 481, 484, 494, 495, 496, 498, 508, 512, 518, 520, 529, 531, 534, 535, 540, 541, 544, 545, 548, 549, 552, 555, 557, 559, 563, 576, 585, 596, 602, 606, 640, 644, 646, 648, 649, 650, 651, 652, 653, 654, 655, 656, 657, 660, 669, 670, 672, 676, 680], "excluded_lines": []}, "app/infrastructure_service.py": {"executed_lines": [], "summary": {"covered_lines": 0, "num_statements": 342, "percent_covered": 0.0, "percent_covered_display": "0", "missing_lines": 342, "excluded_lines": 0}, "missing_lines": [6, 7, 8, 9, 10, 11, 12, 13, 14, 16, 17, 19, 22, 23, 26, 27, 28, 31, 32, 35, 36, 37, 38, 41, 42, 45, 46, 47, 48, 49, 50, 51, 52, 53, 56, 57, 60, 61, 62, 63, 64, 65, 66, 69, 72, 73, 74, 75, 76, 77, 78, 81, 82, 84, 86, 87, 89, 90, 91, 92, 93, 94, 97, 98, 99, 100, 101, 102, 103, 104, 105, 107, 109, 110, 112, 113, 114, 115, 116, 119, 123, 124, 125, 126, 128, 130, 131, 133, 134, 135, 137, 138, 139, 140, 141, 142, 143, 145, 147, 148, 150, 151, 152, 153, 154, 155, 158, 163, 164, 165, 166, 167, 168, 171, 174, 175, 177, 181, 182, 185, 188, 191, 192, 195, 196, 199, 200, 203, 204, 209, 210, 211, 212, 213, 214, 215, 216, 217, 219, 221, 223, 224, 225, 228, 229, 231, 247, 250, 251, 252, 253, 255, 257, 259, 261, 262, 264, 265, 268, 269, 284, 285, 286, 291, 294, 296, 297, 299, 300, 301, 303, 305, 306, 309, 311, 313, 314, 315, 316, 317, 319, 320, 321, 323, 325, 326, 328, 329, 331, 332, 334, 335, 336, 337, 338, 341, 343, 344, 345, 347, 349, 350, 352, 354, 355, 356, 357, 359, 360, 363, 364, 367, 368, 369, 371, 374, 375, 376, 378, 380, 381, 384, 385, 387, 389, 390, 391, 394, 395, 399, 404, 405, 406, 407, 409, 411, 414, 417, 418, 419, 420, 422, 424, 427, 428, 431, 432, 433, 442, 443, 445, 447, 448, 452, 453, 454, 455, 456, 458, 460, 462, 463, 464, 472, 473, 474, 475, 478, 482, 483, 486, 487, 488, 491, 496, 499, 501, 503, 505, 512, 514, 515, 516, 518, 520, 523, 531, 534, 551, 553, 557, 559, 562, 569, 572, 573, 574, 575, 576, 579, 581, 584, 586, 588, 590, 592, 594, 596, 598, 600, 602, 603, 604, 606, 608, 609, 611, 613, 614, 618, 621, 622, 623, 625, 630, 632, 633, 636, 638, 640, 643, 646, 647, 648, 651, 653, 655, 659, 662, 665, 666, 667], "excluded_lines": []}, "app/integration_routes.py": {"executed_lines": [], "summary": {"covered_lines": 0, "num_statements": 152, "percent_covered": 0.0, "percent_covered_display": "0", "missing_lines": 152, "excluded_lines": 0}, "missing_lines": [6, 8, 9, 10, 12, 13, 14, 19, 21, 24, 25, 26, 27, 30, 31, 34, 35, 36, 37, 40, 41, 42, 45, 46, 50, 51, 52, 54, 55, 56, 62, 63, 67, 68, 69, 71, 72, 73, 79, 80, 84, 85, 86, 88, 89, 94, 96, 97, 98, 99, 100, 106, 107, 111, 112, 113, 115, 116, 121, 123, 124, 125, 126, 127, 133, 134, 138, 139, 140, 142, 143, 148, 150, 151, 152, 153, 154, 160, 161, 167, 168, 171, 180, 184, 185, 190, 192, 193, 194, 195, 196, 202, 203, 209, 210, 213, 215, 224, 225, 230, 234, 235, 236, 237, 238, 244, 245, 249, 250, 251, 253, 254, 255, 261, 262, 268, 270, 271, 273, 274, 280, 282, 284, 291, 293, 300, 302, 310, 315, 316, 317, 321, 322, 328, 329, 335, 337, 349, 350, 351, 357, 358, 362, 363, 364, 366, 460, 461, 462, 468, 469, 471], "excluded_lines": []}, "app/integration_service.py": {"executed_lines": [], "summary": {"covered_lines": 0, "num_statements": 114, "percent_covered": 0.0, "percent_covered_display": "0", "missing_lines": 114, "excluded_lines": 0}, "missing_lines": [6, 7, 8, 9, 10, 11, 12, 14, 15, 17, 18, 21, 22, 23, 24, 25, 26, 29, 30, 31, 32, 33, 36, 39, 40, 41, 43, 45, 48, 72, 73, 99, 100, 119, 137, 139, 141, 143, 156, 157, 163, 165, 167, 168, 175, 177, 179, 192, 193, 199, 201, 203, 204, 210, 212, 214, 227, 228, 234, 236, 238, 239, 245, 247, 249, 275, 276, 282, 284, 286, 287, 293, 294, 295, 297, 298, 299, 310, 330, 331, 337, 341, 343, 344, 345, 346, 348, 350, 351, 353, 358, 361, 372, 373, 374, 375, 377, 379, 382, 430, 433, 435, 445, 448, 450, 460, 463, 465, 473, 483, 485, 488, 492, 494], "excluded_lines": []}, "app/main.py": {"executed_lines": [1, 2, 3, 4, 5, 6, 8, 9, 10, 11, 12, 13, 14, 15, 17, 18], "summary": {"covered_lines": 16, "num_statements": 1133, "percent_covered": 1.412180052956752, "percent_covered_display": "1", "missing_lines": 1117, "excluded_lines": 0}, "missing_lines": [27, 30, 31, 32, 33, 35, 36, 37, 45, 46, 51, 52, 58, 59, 60, 61, 62, 63, 64, 66, 67, 68, 69, 70, 71, 72, 73, 74, 77, 136, 137, 139, 153, 154, 156, 157, 171, 172, 174, 175, 189, 234, 235, 236, 237, 238, 241, 242, 247, 248, 249, 250, 251, 252, 253, 258, 259, 260, 261, 264, 265, 266, 267, 268, 269, 270, 272, 273, 274, 279, 280, 281, 282, 283, 284, 285, 288, 289, 292, 293, 303, 306, 308, 312, 313, 314, 315, 318, 319, 320, 321, 322, 323, 326, 327, 328, 337, 340, 343, 344, 349, 352, 355, 358, 361, 364, 367, 371, 376, 379, 382, 389, 392, 395, 399, 429, 430, 431, 434, 435, 436, 438, 439, 441, 443, 444, 445, 453, 454, 455, 456, 457, 458, 459, 460, 463, 464, 465, 466, 468, 471, 472, 475, 483, 484, 491, 492, 493, 494, 498, 499, 500, 501, 502, 505, 508, 509, 510, 513, 514, 515, 517, 520, 522, 526, 527, 530, 531, 532, 533, 535, 538, 539, 540, 541, 542, 545, 546, 547, 551, 552, 559, 566, 569, 571, 582, 583, 588, 589, 590, 591, 592, 593, 594, 597, 598, 603, 608, 609, 610, 611, 614, 615, 621, 626, 627, 628, 629, 630, 631, 632, 633, 636, 637, 642, 647, 648, 649, 650, 651, 652, 656, 657, 665, 668, 675, 676, 679, 680, 683, 686, 689, 691, 702, 703, 709, 714, 715, 716, 718, 719, 721, 722, 723, 724, 725, 726, 727, 728, 729, 730, 731, 732, 733, 734, 735, 736, 739, 742, 743, 748, 751, 758, 759, 761, 762, 765, 766, 772, 777, 778, 779, 780, 781, 788, 789, 791, 792, 793, 794, 795, 796, 797, 798, 799, 800, 801, 802, 803, 804, 805, 806, 807, 808, 811, 812, 817, 822, 823, 824, 825, 826, 827, 831, 832, 838, 841, 850, 853, 855, 866, 867, 873, 877, 884, 885, 886, 888, 889, 890, 891, 892, 893, 894, 895, 896, 897, 898, 901, 904, 905, 910, 913, 921, 922, 924, 925, 928, 929, 935, 941, 942, 943, 945, 946, 947, 948, 949, 950, 951, 952, 953, 954, 955, 956, 957, 958, 959, 960, 963, 964, 969, 975, 976, 977, 978, 979, 980, 984, 1040, 1043, 1045, 1048, 1051, 1054, 1055, 1065, 1070, 1078, 1080, 1081, 1082, 1083, 1086, 1087, 1090, 1091, 1105, 1109, 1113, 1114, 1115, 1194, 1198, 1211, 1219, 1220, 1221, 1227, 1229, 1230, 1236, 1244, 1248, 1255, 1258, 1372, 1400, 1402, 1405, 1406, 1408, 1409, 1412, 1413, 1419, 1420, 1422, 1423, 1424, 1425, 1426, 1431, 1432, 1433, 1434, 1435, 1441, 1442, 1447, 1449, 1451, 1454, 1457, 1458, 1459, 1460, 1462, 1463, 1466, 1467, 1468, 1469, 1471, 1474, 1475, 1477, 1479, 1480, 1481, 1483, 1485, 1487, 1497, 1507, 1509, 1520, 1521, 1530, 1531, 1544, 1556, 1559, 1560, 1561, 1563, 1564, 1566, 1568, 1569, 1571, 1572, 1574, 1576, 1577, 1578, 1581, 1582, 1585, 1586, 1588, 1591, 1595, 1596, 1598, 1602, 1603, 1605, 1613, 1622, 1626, 1627, 1633, 1634, 1635, 1636, 1642, 1643, 1648, 1649, 1650, 1651, 1652, 1655, 1656, 1661, 1666, 1667, 1668, 1671, 1672, 1678, 1683, 1684, 1685, 1686, 1687, 1688, 1689, 1692, 1693, 1698, 1703, 1704, 1705, 1706, 1707, 1711, 1712, 1718, 1723, 1724, 1725, 1731, 1732, 1738, 1739, 1740, 1741, 1742, 1746, 1747, 1749, 1769, 1770, 1777, 1783, 1784, 1785, 1788, 1792, 1793, 1795, 1796, 1797, 1799, 1815, 1816, 1822, 1828, 1829, 1835, 1837, 1838, 1843, 1854, 1855, 1858, 1860, 1862, 1863, 1865, 1875, 1884, 1885, 1891, 1909, 1910, 1911, 1912, 1913, 1914, 1915, 1918, 1920, 1959, 1960, 1961, 1969, 1970, 1972, 1973, 1974, 1975, 1977, 1987, 1991, 1992, 1995, 1996, 1999, 2000, 2006, 2007, 2009, 2010, 2011, 2012, 2013, 2014, 2015, 2016, 2017, 2018, 2019, 2022, 2023, 2024, 2025, 2027, 2029, 2030, 2031, 2032, 2042, 2043, 2044, 2045, 2046, 2047, 2052, 2054, 2055, 2065, 2066, 2067, 2068, 2071, 2078, 2079, 2080, 2081, 2084, 2091, 2092, 2093, 2098, 2099, 2100, 2101, 2102, 2103, 2111, 2112, 2114, 2119, 2120, 2121, 2135, 2136, 2137, 2142, 2143, 2146, 2147, 2153, 2156, 2164, 2165, 2166, 2171, 2172, 2173, 2178, 2179, 2181, 2182, 2183, 2185, 2186, 2187, 2188, 2189, 2190, 2194, 2195, 2196, 2197, 2198, 2199, 2203, 2204, 2205, 2207, 2209, 2210, 2211, 2213, 2214, 2215, 2216, 2217, 2224, 2225, 2227, 2228, 2243, 2245, 2246, 2247, 2253, 2254, 2266, 2267, 2268, 2270, 2271, 2279, 2280, 2281, 2284, 2285, 2296, 2297, 2298, 2299, 2300, 2303, 2304, 2305, 2306, 2307, 2308, 2309, 2310, 2314, 2315, 2322, 2323, 2326, 2328, 2329, 2337, 2338, 2343, 2346, 2355, 2356, 2364, 2367, 2369, 2371, 2372, 2373, 2382, 2383, 2386, 2387, 2395, 2396, 2397, 2398, 2400, 2401, 2402, 2403, 2404, 2405, 2406, 2407, 2408, 2409, 2410, 2411, 2412, 2413, 2414, 2415, 2416, 2417, 2422, 2423, 2424, 2425, 2426, 2427, 2429, 2439, 2440, 2441, 2442, 2445, 2446, 2447, 2450, 2451, 2452, 2459, 2463, 2464, 2465, 2466, 2473, 2474, 2477, 2478, 2479, 2480, 2482, 2484, 2489, 2490, 2491, 2492, 2494, 2508, 2510, 2511, 2512, 2513, 2518, 2519, 2520, 2523, 2524, 2529, 2531, 2532, 2533, 2534, 2535, 2536, 2537, 2538, 2539, 2546, 2547, 2548, 2549, 2550, 2557, 2558, 2559, 2560, 2561, 2567, 2568, 2569, 2576, 2577, 2578, 2579, 2580, 2587, 2588, 2589, 2590, 2591, 2598, 2606, 2607, 2615, 2616, 2618, 2619, 2620, 2621, 2628, 2629, 2630, 2632, 2635, 2636, 2641, 2642, 2643, 2648, 2649, 2650, 2651, 2652, 2653, 2654, 2656, 2657, 2659, 2660, 2663, 2665, 2666, 2671, 2678, 2683, 2684, 2685, 2686, 2687, 2688, 2694, 2697, 2698, 2699, 2700, 2701, 2702, 2703, 2711, 2712, 2713, 2714, 2716, 2717, 2718, 2719, 2720, 2722, 2724, 2725, 2726, 2727, 2728, 2731, 2732, 2733, 2736, 2737, 2738, 2739, 2741, 2743, 2752, 2753, 2754, 2755, 2756, 2757, 2763, 2764, 2767, 2768, 2769, 2771, 2772, 2775, 2776, 2777, 2779, 2780, 2781, 2782, 2785, 2786, 2791, 2792, 2793, 2795, 2796, 2797, 2798, 2800, 2801, 2802, 2803, 2806, 2807, 2808, 2809, 2811, 2812, 2813, 2814, 2820, 2821, 2822, 2823, 2824, 2825, 2826, 2827, 2828, 2833, 2834, 2835, 2837, 2838, 2839, 2840, 2844, 2845, 2853, 2854, 2855, 2856, 2857, 2858, 2859, 2860, 2866, 2867, 2872, 2873, 2874, 2875, 2876, 2877, 2878, 2879, 2880, 2881, 2884, 2885, 2890, 2891, 2892, 2893, 2894, 2895, 2896, 2897, 2901, 2902, 2907, 2908, 2909, 2914, 2915, 2916, 2917, 2918, 2920, 2921, 2922, 2923, 2924, 2928, 2929, 2936, 2937, 2938, 2939, 2940, 2941, 2942, 2943, 2944, 2945, 2951, 2952, 2957, 2958, 2959, 2960, 2961, 2962, 2964, 2965, 2966, 2967, 2968, 2972, 2973, 2974, 2975, 2976, 2977, 2978, 2979, 2980, 2981, 2982, 2983, 2984, 2985, 2986, 2987, 2988, 2989, 2990, 2994, 2995, 2998, 2999, 3004, 3005, 3006, 3007, 3008, 3009, 3010, 3011, 3012, 3013, 3014, 3015, 3017, 3018, 3019, 3020, 3021, 3024, 3025, 3026, 3028, 3030, 3032, 3034, 3035, 3036, 3037, 3038, 3041, 3042, 3047, 3048, 3050, 3052, 3053], "excluded_lines": []}, "app/models.py": {"executed_lines": [1, 2, 4, 18, 20, 23, 24, 27, 30, 31, 32, 33, 34, 35, 38, 39, 40, 41, 42, 45, 46, 47, 48, 51, 52, 53, 54, 57, 58, 59, 60, 61, 62, 63, 66, 67, 68, 69, 70, 71, 72, 73, 74, 75, 76, 79, 80, 81, 82, 85, 86, 98, 103, 104, 105, 110, 115, 116, 120, 123, 127, 130, 133, 134, 142, 148, 154, 161, 162, 163, 164, 167, 168, 169, 170, 171, 174, 177, 181, 182, 187, 188, 189, 190, 193, 196, 197, 198, 199, 205, 207, 208, 209, 210, 211, 213, 216, 217, 220, 223, 227, 228, 229, 234, 235, 238, 239, 243, 244, 245, 246, 249, 252, 255, 258, 264, 265, 266, 267, 270, 273, 277, 280, 281, 283, 284, 285, 288, 289, 290, 293, 296, 297, 298, 303, 304, 308, 309, 310, 311, 314, 315, 316, 317, 320, 321, 322, 323, 324, 325, 326, 327, 328, 331, 332, 333, 334, 337, 338, 341, 342, 343, 346, 351, 352, 353, 354, 357, 358, 359, 360, 361, 364, 368, 371, 372, 373, 374, 377, 380, 381, 382, 383, 384, 387, 392, 393, 394, 395, 396, 397, 398, 399, 402, 405, 410, 411, 412, 413, 414, 415, 416, 417, 420, 423, 426, 432, 433, 434, 435, 440, 443, 446, 449, 454, 461, 464, 467, 470, 475, 480, 482, 487, 491, 494, 497, 501, 504, 505, 506, 507, 512, 513, 516, 520, 521, 522, 527, 528, 529, 530, 531, 533, 536, 541, 542, 543, 544, 547, 552, 555, 560, 561, 562, 566, 569, 575, 576, 577, 578, 581, 584, 587, 588, 589, 592, 597, 600, 605, 606, 607, 608, 613, 614, 617, 618, 619, 623, 626, 629, 630, 633, 636, 641], "summary": {"covered_lines": 283, "num_statements": 287, "percent_covered": 98.60627177700349, "percent_covered_display": "99", "missing_lines": 4, "excluded_lines": 0}, "missing_lines": [25, 236, 240, 305], "excluded_lines": []}, "app/pricing_service.py": {"executed_lines": [1, 5, 6, 8, 11, 12, 14, 17, 24, 26, 28, 30, 31, 32, 34, 36, 37, 40, 45, 47, 59, 71, 84, 102, 121, 135, 159], "summary": {"covered_lines": 25, "num_statements": 45, "percent_covered": 55.55555555555556, "percent_covered_display": "56", "missing_lines": 20, "excluded_lines": 0}, "missing_lines": [38, 41, 43, 57, 69, 82, 95, 97, 98, 100, 116, 117, 118, 119, 133, 143, 145, 146, 147, 155], "excluded_lines": []}, "app/referral_routes.py": {"executed_lines": [], "summary": {"covered_lines": 0, "num_statements": 89, "percent_covered": 0.0, "percent_covered_display": "0", "missing_lines": 89, "excluded_lines": 0}, "missing_lines": [1, 3, 4, 5, 7, 8, 9, 10, 12, 15, 16, 19, 20, 21, 24, 25, 26, 27, 28, 29, 30, 31, 34, 35, 38, 39, 40, 41, 44, 45, 46, 49, 50, 54, 55, 56, 60, 61, 62, 68, 69, 75, 79, 89, 90, 94, 96, 97, 100, 102, 106, 107, 113, 114, 118, 119, 120, 121, 122, 129, 130, 136, 138, 139, 140, 144, 148, 159, 160, 161, 162, 168, 169, 175, 176, 180, 181, 186, 194, 195, 196, 197, 203, 204, 208, 209, 211, 218, 219], "excluded_lines": []}, "app/referral_service.py": {"executed_lines": [1, 2, 3, 4, 6, 7, 9, 19, 20, 21, 22, 24, 29, 48, 90, 106, 150, 203, 233, 255, 310, 355, 387, 408, 431, 471, 480], "summary": {"covered_lines": 27, "num_statements": 167, "percent_covered": 16.167664670658684, "percent_covered_display": "16", "missing_lines": 140, "excluded_lines": 0}, "missing_lines": [26, 27, 31, 32, 35, 36, 37, 38, 39, 40, 41, 42, 43, 44, 46, 55, 56, 59, 60, 61, 64, 65, 68, 73, 74, 77, 78, 79, 86, 88, 94, 101, 102, 103, 104, 108, 109, 112, 114, 115, 116, 119, 122, 125, 130, 141, 144, 145, 147, 148, 153, 158, 161, 172, 182, 205, 215, 217, 240, 243, 246, 249, 253, 259, 269, 271, 272, 273, 276, 277, 278, 280, 281, 285, 287, 290, 292, 294, 297, 301, 303, 305, 307, 308, 320, 323, 324, 325, 328, 331, 334, 335, 337, 339, 350, 351, 352, 353, 360, 363, 364, 367, 368, 371, 372, 375, 376, 379, 382, 383, 385, 393, 397, 399, 401, 403, 404, 406, 414, 422, 423, 426, 427, 429, 436, 444, 445, 448, 458, 460, 461, 462, 465, 466, 468, 469, 473, 474, 475, 476], "excluded_lines": []}, "app/scheduler.py": {"executed_lines": [], "summary": {"covered_lines": 0, "num_statements": 405, "percent_covered": 0.0, "percent_covered_display": "0", "missing_lines": 405, "excluded_lines": 7}, "missing_lines": [1, 3, 4, 5, 6, 8, 9, 10, 11, 12, 14, 15, 16, 17, 19, 20, 24, 27, 28, 29, 30, 31, 36, 41, 42, 43, 44, 45, 46, 48, 49, 50, 51, 57, 58, 59, 60, 61, 63, 66, 67, 68, 69, 70, 75, 77, 80, 81, 84, 85, 86, 87, 88, 89, 90, 91, 92, 94, 95, 96, 99, 101, 102, 103, 106, 107, 109, 110, 111, 112, 113, 114, 116, 117, 120, 121, 122, 123, 124, 131, 145, 147, 148, 149, 150, 151, 163, 164, 165, 167, 168, 169, 171, 172, 173, 180, 181, 182, 183, 184, 191, 192, 193, 194, 195, 196, 198, 199, 200, 201, 202, 205, 206, 207, 213, 214, 215, 216, 217, 218, 224, 225, 226, 227, 228, 229, 230, 235, 236, 237, 240, 241, 242, 243, 245, 246, 247, 248, 249, 250, 251, 252, 253, 254, 256, 257, 258, 259, 260, 263, 264, 265, 266, 267, 268, 269, 270, 271, 272, 273, 280, 281, 282, 283, 284, 285, 286, 288, 291, 293, 294, 295, 296, 297, 298, 300, 301, 302, 303, 304, 305, 306, 307, 308, 309, 311, 312, 313, 314, 315, 317, 318, 319, 320, 321, 322, 323, 324, 325, 326, 327, 335, 336, 337, 338, 339, 340, 341, 343, 344, 345, 346, 347, 348, 354, 355, 356, 357, 359, 360, 362, 363, 364, 367, 368, 369, 370, 372, 373, 375, 376, 377, 378, 381, 382, 383, 385, 386, 387, 388, 389, 390, 391, 393, 394, 395, 396, 398, 399, 400, 401, 404, 405, 408, 409, 413, 414, 423, 424, 426, 427, 428, 430, 431, 432, 433, 434, 435, 438, 440, 442, 443, 444, 445, 446, 449, 450, 451, 452, 454, 455, 456, 457, 460, 461, 462, 464, 471, 472, 473, 479, 480, 481, 482, 483, 484, 485, 487, 488, 489, 490, 491, 494, 495, 497, 504, 505, 506, 507, 508, 509, 510, 511, 512, 514, 517, 518, 520, 527, 534, 541, 547, 550, 551, 552, 553, 554, 555, 556, 557, 568, 569, 570, 571, 573, 574, 575, 576, 577, 582, 583, 588, 589, 590, 591, 593, 596, 597, 598, 599, 601, 602, 603, 604, 605, 612, 613, 614, 615, 617, 618, 619, 620, 621, 622, 623, 624, 626, 627, 632, 633, 634, 635, 636, 645, 646, 647, 648, 649, 651, 652, 653, 654, 656, 657, 660, 661, 662, 663, 665, 666, 673, 674, 675, 677, 680, 682, 683, 684, 686, 687, 688, 694, 695, 697], "excluded_lines": [21, 22, 52, 53, 54, 71, 72]}, "app/schemas.py": {"executed_lines": [1, 2, 4, 7, 8, 9, 12, 13, 14, 15, 17, 18, 19, 31, 32, 33, 34, 37, 38, 39, 40, 41, 43, 44, 45, 54, 55, 56, 57, 58, 60, 61, 62, 73, 74, 75, 76, 77, 78, 79, 82, 83, 84, 85, 86, 87, 88, 89, 91, 92, 93, 105, 106, 107, 119, 120, 121, 122, 123, 124, 125, 126, 128, 129, 130, 139, 140, 141, 142, 143, 144, 145, 146, 147, 148, 149, 150, 151, 154, 155, 156, 157, 158, 159, 161, 162, 163, 175, 176, 177, 178, 179, 180, 183, 184, 185, 186, 187, 188, 189, 190, 191, 192, 196, 197, 198, 199, 200, 203, 204, 205, 206, 207, 210, 211, 212, 213, 214, 215, 216, 217, 218, 222, 223, 224, 225, 226, 227, 228, 229, 230, 233, 235, 236, 237, 239, 240, 243, 244, 245, 246, 249, 250, 251, 254, 255, 256, 257, 260, 261, 262, 263, 264, 265, 266, 267, 268, 272, 273, 274, 275, 276, 277, 278, 279, 280, 281, 285, 286, 287, 288, 289, 290, 291, 294, 295, 296, 297, 298, 299, 300, 303, 304, 305, 306, 307, 310, 311, 312, 313, 316, 317, 318, 319, 320, 321, 325, 326, 327, 328, 329, 332, 333, 334, 335, 336, 337, 338, 339, 340, 341], "summary": {"covered_lines": 211, "num_statements": 263, "percent_covered": 80.22813688212928, "percent_covered_display": "80", "missing_lines": 52, "excluded_lines": 0}, "missing_lines": [20, 21, 22, 23, 24, 25, 26, 27, 28, 46, 47, 48, 49, 50, 51, 63, 64, 65, 66, 67, 68, 69, 70, 95, 96, 97, 100, 101, 102, 103, 108, 109, 110, 111, 113, 114, 115, 116, 131, 132, 133, 134, 135, 136, 164, 165, 166, 167, 169, 170, 171, 172], "excluded_lines": []}, "app/stripe_webhooks.py": {"executed_lines": [1, 2, 3, 5, 6, 7, 9, 10, 12, 15, 23, 62, 109, 142, 179, 195, 210, 211], "summary": {"covered_lines": 18, "num_statements": 139, "percent_covered": 12.949640287769784, "percent_covered_display": "13", "missing_lines": 121, "excluded_lines": 0}, "missing_lines": [16, 20, 24, 25, 26, 27, 29, 35, 36, 37, 38, 39, 40, 43, 46, 50, 51, 54, 55, 59, 63, 64, 66, 72, 73, 74, 75, 76, 77, 80, 83, 87, 88, 91, 92, 97, 98, 99, 100, 101, 103, 104, 106, 110, 111, 113, 119, 120, 121, 124, 127, 130, 131, 134, 135, 143, 144, 146, 147, 153, 155, 156, 159, 165, 167, 170, 172, 176, 180, 181, 183, 184, 190, 191, 192, 196, 197, 198, 200, 201, 205, 206, 207, 212, 213, 214, 216, 217, 218, 219, 220, 221, 224, 230, 231, 234, 235, 241, 242, 244, 246, 248, 249, 250, 251, 252, 253, 254, 255, 256, 257, 258, 259, 262, 263, 264, 266, 268, 270, 271, 272], "excluded_lines": []}, "app/subscription_routes.py": {"executed_lines": [], "summary": {"covered_lines": 0, "num_statements": 145, "percent_covered": 0.0, "percent_covered_display": "0", "missing_lines": 145, "excluded_lines": 0}, "missing_lines": [1, 3, 4, 5, 7, 8, 9, 10, 17, 20, 21, 24, 25, 28, 29, 30, 31, 32, 33, 34, 35, 36, 39, 40, 44, 46, 48, 63, 64, 65, 71, 72, 77, 78, 81, 82, 83, 91, 92, 93, 94, 99, 100, 105, 106, 107, 109, 110, 111, 117, 118, 121, 123, 125, 126, 127, 133, 134, 139, 141, 143, 144, 146, 149, 150, 156, 157, 160, 162, 164, 165, 167, 171, 172, 178, 179, 182, 184, 186, 187, 192, 196, 197, 203, 204, 210, 212, 214, 215, 221, 222, 223, 232, 233, 238, 239, 240, 241, 242, 248, 249, 253, 254, 255, 256, 257, 263, 264, 270, 271, 272, 284, 285, 286, 287, 293, 294, 299, 300, 303, 307, 330, 331, 337, 338, 344, 345, 346, 348, 357, 358, 364, 365, 370, 371, 372, 379, 380, 386, 387, 392, 393, 394, 409, 410], "excluded_lines": []}, "app/subscription_service.py": {"executed_lines": [1, 6, 7, 9, 10, 11, 13, 14, 24, 25, 27, 72, 79, 80, 82, 85, 104, 109, 120, 142, 148, 213, 262, 263, 265, 269, 297, 324, 328, 349, 360, 365, 371], "summary": {"covered_lines": 29, "num_statements": 102, "percent_covered": 28.431372549019606, "percent_covered_display": "28", "missing_lines": 73, "excluded_lines": 0}, "missing_lines": [83, 87, 91, 93, 98, 99, 100, 102, 106, 107, 113, 114, 115, 117, 118, 124, 127, 128, 138, 139, 140, 144, 145, 146, 150, 151, 153, 155, 158, 162, 163, 172, 173, 183, 192, 193, 202, 211, 215, 216, 219, 220, 225, 228, 232, 266, 267, 277, 281, 282, 284, 292, 293, 294, 295, 301, 304, 305, 307, 312, 313, 316, 317, 318, 320, 321, 322, 326, 330, 351, 356, 362, 367], "excluded_lines": []}, "app/viral_growth_routes.py": {"executed_lines": [], "summary": {"covered_lines": 0, "num_statements": 121, "percent_covered": 0.0, "percent_covered_display": "0", "missing_lines": 121, "excluded_lines": 0}, "missing_lines": [6, 8, 9, 10, 12, 13, 14, 15, 17, 20, 21, 22, 23, 24, 27, 28, 29, 30, 33, 34, 35, 36, 39, 40, 44, 45, 46, 47, 48, 49, 55, 56, 60, 61, 62, 63, 64, 65, 71, 72, 78, 80, 81, 82, 83, 84, 86, 87, 91, 92, 93, 94, 95, 101, 102, 106, 107, 108, 109, 110, 111, 117, 118, 124, 125, 126, 133, 146, 147, 153, 154, 158, 159, 160, 162, 174, 175, 181, 182, 186, 187, 188, 190, 191, 192, 198, 199, 203, 204, 205, 207, 208, 209, 215, 216, 220, 225, 234, 235, 241, 242, 246, 248, 250, 251, 253, 256, 270, 271, 285, 286, 299, 307, 308, 314, 315, 317, 319, 349, 358, 359], "excluded_lines": []}, "app/viral_growth_service.py": {"executed_lines": [], "summary": {"covered_lines": 0, "num_statements": 123, "percent_covered": 0.0, "percent_covered_display": "0", "missing_lines": 123, "excluded_lines": 0}, "missing_lines": [6, 7, 8, 9, 11, 12, 14, 21, 24, 27, 59, 62, 79, 82, 83, 84, 86, 89, 92, 99, 110, 113, 116, 126, 153, 157, 158, 160, 161, 162, 165, 168, 174, 175, 178, 180, 188, 193, 196, 199, 209, 211, 221, 225, 227, 228, 231, 234, 243, 244, 246, 256, 258, 261, 264, 267, 269, 292, 294, 295, 297, 299, 301, 303, 304, 305, 314, 316, 318, 319, 320, 321, 329, 331, 333, 334, 336, 344, 349, 352, 355, 357, 359, 361, 380, 382, 386, 387, 388, 389, 391, 393, 410, 412, 414, 438, 440, 442, 443, 450, 456, 459, 470, 472, 496, 499, 509, 511, 512, 513, 514, 516, 518, 519, 520, 521, 522, 523, 524, 525, 527, 531, 533], "excluded_lines": []}}, "totals": {"covered_lines": 693, "num_statements": 5751, "percent_covered": 12.050078247261347, "percent_covered_display": "12", "missing_lines": 5058, "excluded_lines": 8}}